<?xml version="1.0" encoding="UTF-8"?>
<!-- Generated by org.testng.reporters.JUnitReportReporter -->
<testsuite skipped="0" hostname="AmirPC" name="avien_e.avien_e.NewTest" tests="3" failures="0" timestamp="2020-09-28T18:26:04 PKT" time="118.533" errors="0">
  <testcase name="TU_Registration" time="73.157" classname="avien_e.avien_e.NewTest"/>
  <testcase name="validation" time="22.459" classname="avien_e.avien_e.NewTest"/>
  <testcase name="StartMatching" time="22.917" classname="avien_e.avien_e.NewTest"/>
</testsuite> <!-- avien_e.avien_e.NewTest -->
